<?xml version="1.0" encoding="UTF-8"?>
<!-- Generated by org.testng.reporters.JUnitReportReporter -->
<testsuite hostname="DESKTOP-7R9NI5G" failures="0" tests="61" name="lauditor.test.pages.CreateMeetingTestBiWeekRep" time="0.084" errors="1" timestamp="2023-09-14T10:03:13 IST" skipped="60">
  <testcase classname="lauditor.test.pages.CreateMeetingTestBiWeekRep" name="repetitionBiWeekly" time="0.000">
    <skipped/>
  </testcase> <!-- repetitionBiWeekly -->
  <testcase classname="lauditor.test.pages.CreateMeetingTestBiWeekRep" name="repetitionBiWeekly" time="0.001">
    <skipped/>
  </testcase> <!-- repetitionBiWeekly -->
  <testcase classname="lauditor.test.pages.CreateMeetingTestBiWeekRep" name="repetitionBiWeekly" time="0.000">
    <skipped/>
  </testcase> <!-- repetitionBiWeekly -->
  <testcase classname="lauditor.test.pages.CreateMeetingTestBiWeekRep" name="repetitionBiWeekly" time="0.000">
    <skipped/>
  </testcase> <!-- repetitionBiWeekly -->
  <testcase classname="lauditor.test.pages.CreateMeetingTestBiWeekRep" name="repetitionBiWeekly" time="0.000">
    <skipped/>
  </testcase> <!-- repetitionBiWeekly -->
  <testcase classname="lauditor.test.pages.CreateMeetingTestBiWeekRep" name="repetitionBiWeekly" time="0.000">
    <skipped/>
  </testcase> <!-- repetitionBiWeekly -->
  <testcase classname="lauditor.test.pages.CreateMeetingTestBiWeekRep" name="repetitionBiWeekly" time="0.000">
    <skipped/>
  </testcase> <!-- repetitionBiWeekly -->
  <testcase classname="lauditor.test.pages.CreateMeetingTestBiWeekRep" name="repetitionBiWeekly" time="0.000">
    <skipped/>
  </testcase> <!-- repetitionBiWeekly -->
  <testcase classname="lauditor.test.pages.CreateMeetingTestBiWeekRep" name="repetitionBiWeekly" time="0.000">
    <skipped/>
  </testcase> <!-- repetitionBiWeekly -->
  <testcase classname="lauditor.test.pages.CreateMeetingTestBiWeekRep" name="repetitionBiWeekly" time="0.000">
    <skipped/>
  </testcase> <!-- repetitionBiWeekly -->
  <testcase classname="lauditor.test.pages.CreateMeetingTestBiWeekRep" name="repetitionBiWeekly" time="0.000">
    <skipped/>
  </testcase> <!-- repetitionBiWeekly -->
  <testcase classname="lauditor.test.pages.CreateMeetingTestBiWeekRep" name="repetitionBiWeekly" time="0.000">
    <skipped/>
  </testcase> <!-- repetitionBiWeekly -->
  <testcase classname="lauditor.test.pages.CreateMeetingTestBiWeekRep" name="repetitionBiWeekly" time="0.000">
    <skipped/>
  </testcase> <!-- repetitionBiWeekly -->
  <testcase classname="lauditor.test.pages.CreateMeetingTestBiWeekRep" name="repetitionBiWeekly" time="0.000">
    <skipped/>
  </testcase> <!-- repetitionBiWeekly -->
  <testcase classname="lauditor.test.pages.CreateMeetingTestBiWeekRep" name="repetitionBiWeekly" time="0.000">
    <skipped/>
  </testcase> <!-- repetitionBiWeekly -->
  <testcase classname="lauditor.test.pages.CreateMeetingTestBiWeekRep" name="repetitionBiWeekly" time="0.001">
    <skipped/>
  </testcase> <!-- repetitionBiWeekly -->
  <testcase classname="lauditor.test.pages.CreateMeetingTestBiWeekRep" name="repetitionBiWeekly" time="0.000">
    <skipped/>
  </testcase> <!-- repetitionBiWeekly -->
  <testcase classname="lauditor.test.pages.CreateMeetingTestBiWeekRep" name="repetitionBiWeekly" time="0.001">
    <skipped/>
  </testcase> <!-- repetitionBiWeekly -->
  <testcase classname="lauditor.test.pages.CreateMeetingTestBiWeekRep" name="repetitionBiWeekly" time="0.000">
    <skipped/>
  </testcase> <!-- repetitionBiWeekly -->
  <testcase classname="lauditor.test.pages.CreateMeetingTestBiWeekRep" name="repetitionBiWeekly" time="0.001">
    <skipped/>
  </testcase> <!-- repetitionBiWeekly -->
  <testcase classname="lauditor.test.pages.CreateMeetingTestBiWeekRep" name="repetitionBiWeekly" time="0.000">
    <skipped/>
  </testcase> <!-- repetitionBiWeekly -->
  <testcase classname="lauditor.test.pages.CreateMeetingTestBiWeekRep" name="repetitionBiWeekly" time="0.001">
    <skipped/>
  </testcase> <!-- repetitionBiWeekly -->
  <testcase classname="lauditor.test.pages.CreateMeetingTestBiWeekRep" name="repetitionBiWeekly" time="0.000">
    <skipped/>
  </testcase> <!-- repetitionBiWeekly -->
  <testcase classname="lauditor.test.pages.CreateMeetingTestBiWeekRep" name="repetitionBiWeekly" time="0.001">
    <skipped/>
  </testcase> <!-- repetitionBiWeekly -->
  <testcase classname="lauditor.test.pages.CreateMeetingTestBiWeekRep" name="repetitionBiWeekly" time="0.000">
    <skipped/>
  </testcase> <!-- repetitionBiWeekly -->
  <testcase classname="lauditor.test.pages.CreateMeetingTestBiWeekRep" name="repetitionBiWeekly" time="0.005">
    <skipped/>
  </testcase> <!-- repetitionBiWeekly -->
  <testcase classname="lauditor.test.pages.CreateMeetingTestBiWeekRep" name="repetitionBiWeekly" time="0.000">
    <skipped/>
  </testcase> <!-- repetitionBiWeekly -->
  <testcase classname="lauditor.test.pages.CreateMeetingTestBiWeekRep" name="repetitionBiWeekly" time="0.000">
    <skipped/>
  </testcase> <!-- repetitionBiWeekly -->
  <testcase classname="lauditor.test.pages.CreateMeetingTestBiWeekRep" name="repetitionBiWeekly" time="0.000">
    <skipped/>
  </testcase> <!-- repetitionBiWeekly -->
  <testcase classname="lauditor.test.pages.CreateMeetingTestBiWeekRep" name="repetitionBiWeekly" time="0.000">
    <skipped/>
  </testcase> <!-- repetitionBiWeekly -->
  <testcase classname="lauditor.test.pages.CreateMeetingTestBiWeekRep" name="repetitionBiWeekly" time="0.001">
    <skipped/>
  </testcase> <!-- repetitionBiWeekly -->
  <testcase classname="lauditor.test.pages.CreateMeetingTestBiWeekRep" name="repetitionBiWeekly" time="0.000">
    <skipped/>
  </testcase> <!-- repetitionBiWeekly -->
  <testcase classname="lauditor.test.pages.CreateMeetingTestBiWeekRep" name="repetitionBiWeekly" time="0.000">
    <skipped/>
  </testcase> <!-- repetitionBiWeekly -->
  <testcase classname="lauditor.test.pages.CreateMeetingTestBiWeekRep" name="repetitionBiWeekly" time="0.000">
    <skipped/>
  </testcase> <!-- repetitionBiWeekly -->
  <testcase classname="lauditor.test.pages.CreateMeetingTestBiWeekRep" name="launchApplication" time="0.071">
    <error message="dev/failsafe/Policy" type="java.lang.NoClassDefFoundError">
      <![CDATA[java.lang.NoClassDefFoundError: dev/failsafe/Policy
at org.openqa.selenium.remote.http.ClientConfig.<clinit>(ClientConfig.java:32)
at org.openqa.selenium.chrome.ChromeDriver.<init>(ChromeDriver.java:83)
at org.openqa.selenium.chrome.ChromeDriver.<init>(ChromeDriver.java:72)
at lauditor.baseClass.BaseClass.initalize(BaseClass.java:59)
at lauditor.baseClass.BaseClass.launchApplication(BaseClass.java:122)
at java.base/jdk.internal.reflect.NativeMethodAccessorImpl.invoke0(Native Method)
at java.base/jdk.internal.reflect.NativeMethodAccessorImpl.invoke(NativeMethodAccessorImpl.java:77)
at java.base/jdk.internal.reflect.DelegatingMethodAccessorImpl.invoke(DelegatingMethodAccessorImpl.java:43)
at java.base/java.lang.reflect.Method.invoke(Method.java:568)
at org.testng.internal.invokers.MethodInvocationHelper.invokeMethod(MethodInvocationHelper.java:139)
at org.testng.internal.invokers.MethodInvocationHelper.invokeMethodConsideringTimeout(MethodInvocationHelper.java:69)
at org.testng.internal.invokers.ConfigInvoker.invokeConfigurationMethod(ConfigInvoker.java:390)
at org.testng.internal.invokers.ConfigInvoker.invokeConfigurations(ConfigInvoker.java:325)
at org.testng.internal.invokers.TestMethodWorker.invokeBeforeClassMethods(TestMethodWorker.java:180)
at org.testng.internal.invokers.TestMethodWorker.run(TestMethodWorker.java:122)
at java.base/java.util.ArrayList.forEach(ArrayList.java:1511)
at org.testng.TestRunner.privateRun(TestRunner.java:848)
at org.testng.TestRunner.run(TestRunner.java:621)
at org.testng.SuiteRunner.runTest(SuiteRunner.java:443)
at org.testng.SuiteRunner.runSequentially(SuiteRunner.java:437)
at org.testng.SuiteRunner.privateRun(SuiteRunner.java:397)
at org.testng.SuiteRunner.run(SuiteRunner.java:336)
at org.testng.SuiteRunnerWorker.runSuite(SuiteRunnerWorker.java:52)
at org.testng.SuiteRunnerWorker.run(SuiteRunnerWorker.java:95)
at org.testng.TestNG.runSuitesSequentially(TestNG.java:1280)
at org.testng.TestNG.runSuitesLocally(TestNG.java:1200)
at org.testng.TestNG.runSuites(TestNG.java:1114)
at org.testng.TestNG.run(TestNG.java:1082)
at org.testng.remote.AbstractRemoteTestNG.run(AbstractRemoteTestNG.java:115)
at org.testng.remote.RemoteTestNG.initAndRun(RemoteTestNG.java:251)
at org.testng.remote.RemoteTestNG.main(RemoteTestNG.java:77)
Caused by: java.lang.ClassNotFoundException: dev.failsafe.Policy
at java.base/jdk.internal.loader.BuiltinClassLoader.loadClass(BuiltinClassLoader.java:641)
at java.base/jdk.internal.loader.ClassLoaders$AppClassLoader.loadClass(ClassLoaders.java:188)
at java.base/java.lang.ClassLoader.loadClass(ClassLoader.java:520)
... 31 more
]]>
    </error>
  </testcase> <!-- launchApplication -->
  <testcase classname="lauditor.test.pages.CreateMeetingTestBiWeekRep" name="repetitionBiWeekly" time="0.000">
    <skipped/>
  </testcase> <!-- repetitionBiWeekly -->
  <testcase classname="lauditor.test.pages.CreateMeetingTestBiWeekRep" name="repetitionBiWeekly" time="0.000">
    <skipped/>
  </testcase> <!-- repetitionBiWeekly -->
  <testcase classname="lauditor.test.pages.CreateMeetingTestBiWeekRep" name="repetitionBiWeekly" time="0.000">
    <skipped/>
  </testcase> <!-- repetitionBiWeekly -->
  <testcase classname="lauditor.test.pages.CreateMeetingTestBiWeekRep" name="repetitionBiWeekly" time="0.000">
    <skipped/>
  </testcase> <!-- repetitionBiWeekly -->
  <testcase classname="lauditor.test.pages.CreateMeetingTestBiWeekRep" name="repetitionBiWeekly" time="0.000">
    <skipped/>
  </testcase> <!-- repetitionBiWeekly -->
  <testcase classname="lauditor.test.pages.CreateMeetingTestBiWeekRep" name="repetitionBiWeekly" time="0.000">
    <skipped/>
  </testcase> <!-- repetitionBiWeekly -->
  <testcase classname="lauditor.test.pages.CreateMeetingTestBiWeekRep" name="repetitionBiWeekly" time="0.001">
    <skipped/>
  </testcase> <!-- repetitionBiWeekly -->
  <testcase classname="lauditor.test.pages.CreateMeetingTestBiWeekRep" name="repetitionBiWeekly" time="0.000">
    <skipped/>
  </testcase> <!-- repetitionBiWeekly -->
  <testcase classname="lauditor.test.pages.CreateMeetingTestBiWeekRep" name="repetitionBiWeekly" time="0.000">
    <skipped/>
  </testcase> <!-- repetitionBiWeekly -->
  <testcase classname="lauditor.test.pages.CreateMeetingTestBiWeekRep" name="repetitionBiWeekly" time="0.000">
    <skipped/>
  </testcase> <!-- repetitionBiWeekly -->
  <testcase classname="lauditor.test.pages.CreateMeetingTestBiWeekRep" name="repetitionBiWeekly" time="0.000">
    <skipped/>
  </testcase> <!-- repetitionBiWeekly -->
  <testcase classname="lauditor.test.pages.CreateMeetingTestBiWeekRep" name="repetitionBiWeekly" time="0.000">
    <skipped/>
  </testcase> <!-- repetitionBiWeekly -->
  <testcase classname="lauditor.test.pages.CreateMeetingTestBiWeekRep" name="repetitionBiWeekly" time="0.000">
    <skipped/>
  </testcase> <!-- repetitionBiWeekly -->
  <testcase classname="lauditor.test.pages.CreateMeetingTestBiWeekRep" name="repetitionBiWeekly" time="0.000">
    <skipped/>
  </testcase> <!-- repetitionBiWeekly -->
  <testcase classname="lauditor.test.pages.CreateMeetingTestBiWeekRep" name="repetitionBiWeekly" time="0.000">
    <skipped/>
  </testcase> <!-- repetitionBiWeekly -->
  <testcase classname="lauditor.test.pages.CreateMeetingTestBiWeekRep" name="repetitionBiWeekly" time="0.000">
    <skipped/>
  </testcase> <!-- repetitionBiWeekly -->
  <testcase classname="lauditor.test.pages.CreateMeetingTestBiWeekRep" name="repetitionBiWeekly" time="0.000">
    <skipped/>
  </testcase> <!-- repetitionBiWeekly -->
  <testcase classname="lauditor.test.pages.CreateMeetingTestBiWeekRep" name="repetitionBiWeekly" time="0.000">
    <skipped/>
  </testcase> <!-- repetitionBiWeekly -->
  <testcase classname="lauditor.test.pages.CreateMeetingTestBiWeekRep" name="repetitionBiWeekly" time="0.000">
    <skipped/>
  </testcase> <!-- repetitionBiWeekly -->
  <testcase classname="lauditor.test.pages.CreateMeetingTestBiWeekRep" name="repetitionBiWeekly" time="0.000">
    <skipped/>
  </testcase> <!-- repetitionBiWeekly -->
  <testcase classname="lauditor.test.pages.CreateMeetingTestBiWeekRep" name="repetitionBiWeekly" time="0.000">
    <skipped/>
  </testcase> <!-- repetitionBiWeekly -->
  <testcase classname="lauditor.test.pages.CreateMeetingTestBiWeekRep" name="repetitionBiWeekly" time="0.000">
    <skipped/>
  </testcase> <!-- repetitionBiWeekly -->
  <testcase classname="lauditor.test.pages.CreateMeetingTestBiWeekRep" name="repetitionBiWeekly" time="0.000">
    <skipped/>
  </testcase> <!-- repetitionBiWeekly -->
  <testcase classname="lauditor.test.pages.CreateMeetingTestBiWeekRep" name="repetitionBiWeekly" time="0.000">
    <skipped/>
  </testcase> <!-- repetitionBiWeekly -->
  <testcase classname="lauditor.test.pages.CreateMeetingTestBiWeekRep" name="repetitionBiWeekly" time="0.000">
    <skipped/>
  </testcase> <!-- repetitionBiWeekly -->
  <testcase classname="lauditor.test.pages.CreateMeetingTestBiWeekRep" name="repetitionBiWeekly" time="0.000">
    <skipped/>
  </testcase> <!-- repetitionBiWeekly -->
</testsuite> <!-- lauditor.test.pages.CreateMeetingTestBiWeekRep -->
