<?xml version="1.0" encoding="UTF-8"?>
<!-- Generated by org.testng.reporters.JUnitReportReporter -->
<testsuite hostname="ANANTH" failures="0" tests="1"
	name="lauditor.test.pages.DocumentUploadExpiryDateTest" time="68.525"
	errors="0" timestamp="2023-07-17T10:18:07 IST" skipped="0">
	<testcase
		classname="lauditor.test.pages.DocumentUploadExpiryDateTest"
		name="DocumentUploadExpirayDateEdit1" time="68.525" />
	<system-out />
</testsuite> <!-- lauditor.test.pages.DocumentUploadExpiryDateTest -->
