<?xml version="1.0" encoding="UTF-8"?>
<!-- Generated by org.testng.reporters.JUnitReportReporter -->
<testsuite hostname="DESKTOP-7R9NI5G" failures="0" tests="11" name="lauditor.test.pages.CreateMeetingTestYearlyRep" time="1184.573" errors="0" timestamp="2023-09-15T10:23:38 IST" skipped="0">
  <testcase classname="lauditor.test.pages.CreateMeetingTestYearlyRep" name="repetitionYearly" time="106.233"/>
  <testcase classname="lauditor.test.pages.CreateMeetingTestYearlyRep" name="repetitionYearly" time="106.324"/>
  <testcase classname="lauditor.test.pages.CreateMeetingTestYearlyRep" name="repetitionYearly" time="105.588"/>
  <testcase classname="lauditor.test.pages.CreateMeetingTestYearlyRep" name="repetitionYearly" time="107.431"/>
  <testcase classname="lauditor.test.pages.CreateMeetingTestYearlyRep" name="repetitionYearly" time="107.134"/>
  <testcase classname="lauditor.test.pages.CreateMeetingTestYearlyRep" name="repetitionYearly" time="106.621"/>
  <testcase classname="lauditor.test.pages.CreateMeetingTestYearlyRep" name="repetitionYearly" time="107.627"/>
  <testcase classname="lauditor.test.pages.CreateMeetingTestYearlyRep" name="repetitionYearly" time="112.075"/>
  <testcase classname="lauditor.test.pages.CreateMeetingTestYearlyRep" name="repetitionYearly" time="111.788"/>
  <testcase classname="lauditor.test.pages.CreateMeetingTestYearlyRep" name="repetitionYearly" time="106.748"/>
  <testcase classname="lauditor.test.pages.CreateMeetingTestYearlyRep" name="repetitionYearly" time="107.004"/>
</testsuite> <!-- lauditor.test.pages.CreateMeetingTestYearlyRep -->
