<?xml version="1.0" encoding="UTF-8"?>
<!-- Generated by org.testng.reporters.JUnitReportReporter -->
<testsuite hostname="ANANTH" failures="0" tests="1" name="lauditor.test.pages.CalendarGeneralEventTest" time="25.812" errors="0" timestamp="2023-08-17T10:43:49 IST" skipped="0">
  <testcase classname="lauditor.test.pages.CalendarGeneralEventTest" name="CGMEventCreation_View_Week_Calendar" time="25.812"/>
  <system-out/>
</testsuite> <!-- lauditor.test.pages.CalendarGeneralEventTest -->
