<?xml version="1.0" encoding="UTF-8"?>
<!-- Generated by org.testng.reporters.JUnitReportReporter -->
<testsuite hostname="ANANTH" failures="0" tests="1" name="lauditor.test.pages.CreateMeetingDailyRepetitionTest" time="79.941" errors="0" timestamp="2023-09-06T11:42:28 IST" skipped="0">
  <testcase classname="lauditor.test.pages.CreateMeetingDailyRepetitionTest" name="mandatoryFieldsWithRepetition" time="79.941"/>
  <system-out/>
</testsuite> <!-- lauditor.test.pages.CreateMeetingDailyRepetitionTest -->
