<?xml version="1.0" encoding="UTF-8"?>
<!-- Generated by org.testng.reporters.JUnitReportReporter -->
<testsuite hostname="DESKTOP-7R9NI5G" failures="0" tests="1" name="lauditor.test.pages.MergePDFTest" time="98.522" errors="0" timestamp="2023-10-10T16:03:34 IST" skipped="0">
  <testcase classname="lauditor.test.pages.MergePDFTest" name="DocuemntMergePDFFirmsShowBookmarksCancel" time="98.522"/>
</testsuite> <!-- lauditor.test.pages.MergePDFTest -->
