<?xml version="1.0" encoding="UTF-8"?>
<!-- Generated by org.testng.reporters.JUnitReportReporter -->
<testsuite hostname="ANANTH" failures="0" tests="1"
	name="lauditor.test.pages.DocumentUploadExpiryDateTest2" time="48.166"
	errors="0" timestamp="2023-07-17T19:17:16 IST" skipped="0">
	<testcase
		classname="lauditor.test.pages.DocumentUploadExpiryDateTest2"
		name="DocumentUploadWithoutEditData" time="48.166" />
	<system-out />
</testsuite> <!-- lauditor.test.pages.DocumentUploadExpiryDateTest2 -->
