<?xml version="1.0" encoding="UTF-8"?>
<!-- Generated by org.testng.reporters.JUnitReportReporter -->
<testsuite hostname="ANANTH" failures="0" tests="1" name="lauditor.test.pages.CalendarTest" time="20.072" errors="0" timestamp="2023-08-08T16:02:55 IST" skipped="0">
  <testcase classname="lauditor.test.pages.CalendarTest" name="CalendarSelectTask" time="20.072"/>
  <system-out/>
</testsuite> <!-- lauditor.test.pages.CalendarTest -->
