<?xml version="1.0" encoding="UTF-8"?>
<!-- Generated by org.testng.reporters.JUnitReportReporter -->
<testsuite hostname="ANANTH" failures="0" tests="1" name="lauditor.test.pages.CreateMeetingTestDailyRepNew" time="105.311" errors="0" timestamp="2023-09-09T09:38:58 IST" skipped="0">
  <testcase classname="lauditor.test.pages.CreateMeetingTestDailyRepNew" name="repetitionDaily" time="105.311"/>
  <system-out/>
</testsuite> <!-- lauditor.test.pages.CreateMeetingTestDailyRepNew -->
