<?xml version="1.0" encoding="UTF-8"?>
<!-- Generated by org.testng.reporters.JUnitReportReporter -->
<testsuite hostname="ANANTH" failures="0" tests="1" name="lauditor.test.pages.CreateMeetingTestWeekRep" time="100.146" errors="0" timestamp="2023-09-11T10:16:20 IST" skipped="0">
  <testcase classname="lauditor.test.pages.CreateMeetingTestWeekRep" name="repetitionWeekly" time="100.146"/>
  <system-out/>
</testsuite> <!-- lauditor.test.pages.CreateMeetingTestWeekRep -->
