<?xml version="1.0" encoding="UTF-8"?>
<!-- Generated by org.testng.reporters.JUnitReportReporter -->
<testsuite hostname="ANANTH" failures="0" tests="1" name="lauditor.test.pages.CreateMeetingTestYearlyRep1" time="0.000" errors="0" timestamp="2023-09-11T10:10:49 IST" skipped="1">
  <testcase classname="lauditor.test.pages.CreateMeetingTestYearlyRep1" name="repetitionYearlyWithAllDays" time="0.000">
    <skipped/>
  </testcase> <!-- repetitionYearlyWithAllDays -->
  <system-out/>
</testsuite> <!-- lauditor.test.pages.CreateMeetingTestYearlyRep1 -->
