<?xml version="1.0" encoding="UTF-8"?>
<!-- Generated by org.testng.reporters.JUnitReportReporter -->
<testsuite hostname="DESKTOP-7R9NI5G" failures="0" tests="1" name="lauditor.test.pages.CreateInvoiceTest" time="73.579" errors="0" timestamp="2023-11-07T19:00:16 IST" skipped="0">
  <testcase classname="lauditor.test.pages.CreateInvoiceTest" name="CreateInvoiceEditAllFieldsCancel" time="73.579"/>
</testsuite> <!-- lauditor.test.pages.CreateInvoiceTest -->
