<?xml version="1.0" encoding="UTF-8"?>
<!-- Generated by org.testng.reporters.JUnitReportReporter -->
<testsuite hostname="DESKTOP-7R9NI5G" failures="0" tests="1" name="lauditor.test.pages.EditMeetingTest" time="120.896" errors="0" timestamp="2023-10-03T11:07:46 IST" skipped="0">
  <testcase classname="lauditor.test.pages.EditMeetingTest" name="editMeeting" time="120.896"/>
</testsuite> <!-- lauditor.test.pages.EditMeetingTest -->
