<?xml version="1.0" encoding="UTF-8"?>
<!-- Generated by org.testng.reporters.JUnitReportReporter -->
<testsuite hostname="DESKTOP-7R9NI5G" failures="0" tests="1" name="lauditor.test.pages.CreateMeetingTestMonthlyRep" time="86.889" errors="0" timestamp="2023-09-14T13:08:38 IST" skipped="0">
  <testcase classname="lauditor.test.pages.CreateMeetingTestMonthlyRep" name="repetitionMonthly" time="86.889"/>
</testsuite> <!-- lauditor.test.pages.CreateMeetingTestMonthlyRep -->
