<?xml version="1.0" encoding="UTF-8"?>
<!-- Generated by org.testng.reporters.JUnitReportReporter -->
<testsuite hostname="ANANTH" failures="0" tests="1" name="lauditor.test.pages.CalendarLegalEventTest" time="18.499" errors="0" timestamp="2023-08-08T19:32:05 IST" skipped="0">
  <testcase classname="lauditor.test.pages.CalendarLegalEventTest" name="CalendarSelectTask" time="18.499"/>
  <system-out/>
</testsuite> <!-- lauditor.test.pages.CalendarLegalEventTest -->
